17:44:27.111 INFO  [main] c.s.m.discodeit.DiscodeitApplication - Starting DiscodeitApplication using Java 17.0.10 with PID 11308 (C:\Users\soo71\github\1-sprint-mission\build\classes\java\main started by soo71 in C:\Users\soo71\github\1-sprint-mission)
17:44:27.113 INFO  [main] c.s.m.discodeit.DiscodeitApplication - The following 1 profile is active: "prod"
17:44:28.553 INFO  [main] o.s.d.r.c.RepositoryConfigurationDelegate - Bootstrapping Spring Data JPA repositories in DEFAULT mode.
17:44:28.706 INFO  [main] o.s.d.r.c.RepositoryConfigurationDelegate - Finished Spring Data repository scanning in 140 ms. Found 6 JPA repository interfaces.
17:44:29.691 INFO  [main] o.s.b.w.e.tomcat.TomcatWebServer - Tomcat initialized with port 8081 (http)
17:44:29.711 INFO  [main] o.a.coyote.http11.Http11NioProtocol - Initializing ProtocolHandler ["http-nio-8081"]
17:44:29.715 INFO  [main] o.a.catalina.core.StandardService - Starting service [Tomcat]
17:44:29.716 INFO  [main] o.a.catalina.core.StandardEngine - Starting Servlet engine: [Apache Tomcat/10.1.33]
17:44:29.874 INFO  [main] o.a.c.c.C.[Tomcat].[localhost].[/] - Initializing Spring embedded WebApplicationContext
17:44:29.875 INFO  [main] o.s.b.w.s.c.ServletWebServerApplicationContext - Root WebApplicationContext: initialization completed in 2681 ms
17:44:30.092 INFO  [main] com.zaxxer.hikari.HikariDataSource - HikariPool-1 - Starting...
17:44:30.620 INFO  [main] com.zaxxer.hikari.pool.HikariPool - HikariPool-1 - Added connection org.postgresql.jdbc.PgConnection@615e83ac
17:44:30.623 INFO  [main] com.zaxxer.hikari.HikariDataSource - HikariPool-1 - Start completed.
17:44:30.753 INFO  [main] o.h.jpa.internal.util.LogHelper - HHH000204: Processing PersistenceUnitInfo [name: default]
17:44:30.902 INFO  [main] org.hibernate.Version - HHH000412: Hibernate ORM core version 6.6.2.Final
17:44:31.130 INFO  [main] o.h.c.i.RegionFactoryInitiator - HHH000026: Second-level cache disabled
17:44:32.209 INFO  [main] o.s.o.j.p.SpringPersistenceUnitInfo - No LoadTimeWeaver setup: ignoring JPA class transformer
17:44:32.429 INFO  [main] o.hibernate.orm.connections.pooling - HHH10001005: Database info:
	Database JDBC URL [Connecting through datasource 'HikariDataSource (HikariPool-1)']
	Database driver: undefined/unknown
	Database version: 17.4
	Autocommit mode: undefined/unknown
	Isolation level: undefined/unknown
	Minimum pool size: undefined/unknown
	Maximum pool size: undefined/unknown
17:44:34.433 INFO  [main] o.h.e.t.j.p.i.JtaPlatformInitiator - HHH000489: No JTA platform available (set 'hibernate.transaction.jta.platform' to enable JTA platform integration)
17:44:34.501 INFO  [main] o.s.o.j.LocalContainerEntityManagerFactoryBean - Initialized JPA EntityManagerFactory for persistence unit 'default'
17:44:34.957 INFO  [main] o.s.d.j.r.query.QueryEnhancerFactory - Hibernate is in classpath; If applicable, HQL parser will be used.
17:44:36.278 WARN  [main] o.s.b.a.o.j.JpaBaseConfiguration$JpaWebConfiguration - spring.jpa.open-in-view is enabled by default. Therefore, database queries may be performed during view rendering. Explicitly configure spring.jpa.open-in-view to disable this warning
17:44:36.323 INFO  [main] o.s.b.a.w.s.WelcomePageHandlerMapping - Adding welcome page: class path resource [static/index.html]
17:44:37.637 INFO  [main] o.a.coyote.http11.Http11NioProtocol - Starting ProtocolHandler ["http-nio-8081"]
17:44:37.686 INFO  [main] o.s.b.w.e.tomcat.TomcatWebServer - Tomcat started on port 8081 (http) with context path '/'
17:44:37.704 INFO  [main] c.s.m.discodeit.DiscodeitApplication - Started DiscodeitApplication in 11.404 seconds (process running for 12.598)
17:45:05.379 INFO  [SpringApplicationShutdownHook] o.s.b.w.e.tomcat.GracefulShutdown - Commencing graceful shutdown. Waiting for active requests to complete
17:45:08.100 INFO  [tomcat-shutdown] o.s.b.w.e.tomcat.GracefulShutdown - Graceful shutdown complete
17:45:08.109 INFO  [SpringApplicationShutdownHook] o.s.o.j.LocalContainerEntityManagerFactoryBean - Closing JPA EntityManagerFactory for persistence unit 'default'
17:45:08.114 INFO  [SpringApplicationShutdownHook] com.zaxxer.hikari.HikariDataSource - HikariPool-1 - Shutdown initiated...
17:45:08.122 INFO  [SpringApplicationShutdownHook] com.zaxxer.hikari.HikariDataSource - HikariPool-1 - Shutdown completed.
