00:04:49.737 INFO  [background-preinit] o.h.validator.internal.util.Version [  |  |
         ] - HV000001: Hibernate Validator 8.0.1.Final
00:04:50.140 INFO  [Test worker] c.s.m.d.S3BinaryContentStorageTest [  |  |
         ] - Starting S3BinaryContentStorageTest using Java 17.0.10 with PID 25640 (started by soo71 in C:\Users\soo71\github\1-sprint-mission)
00:04:50.143 INFO  [Test worker] c.s.m.d.S3BinaryContentStorageTest [  |  |
         ] - The following 1 profile is active: "test"
00:04:56.079 INFO  [Test worker] o.s.d.r.c.RepositoryConfigurationDelegate [  |  |
         ] - Bootstrapping Spring Data JPA repositories in DEFAULT mode.
00:04:56.364 INFO  [Test worker] o.s.d.r.c.RepositoryConfigurationDelegate [  |  |
         ] - Finished Spring Data repository scanning in 258 ms. Found 6 JPA repository interfaces.
00:04:58.534 INFO  [Test worker] o.s.b.w.e.tomcat.TomcatWebServer [  |  |
         ] - Tomcat initialized with port 0 (http)
00:04:58.572 INFO  [Test worker] o.a.coyote.http11.Http11NioProtocol [  |  |
         ] - Initializing ProtocolHandler ["http-nio-auto-1"]
00:04:58.580 INFO  [Test worker] o.a.catalina.core.StandardService [  |  |
         ] - Starting service [Tomcat]
00:04:58.581 INFO  [Test worker] o.a.catalina.core.StandardEngine [  |  |
         ] - Starting Servlet engine: [Apache Tomcat/10.1.33]
00:04:58.874 INFO  [Test worker] o.a.c.c.C.[Tomcat].[localhost].[/] [  |  |
         ] - Initializing Spring embedded WebApplicationContext
00:04:58.877 INFO  [Test worker] o.s.b.w.s.c.ServletWebServerApplicationContext [  |  |
         ] - Root WebApplicationContext: initialization completed in 8604 ms
00:04:59.410 INFO  [Test worker] com.zaxxer.hikari.HikariDataSource [  |  |
         ] - HikariPool-1 - Starting...
00:05:00.550 INFO  [Test worker] com.zaxxer.hikari.pool.HikariPool [  |  |
         ] - HikariPool-1 - Added connection conn0: url=jdbc:h2:mem:testdb user=SA
00:05:00.562 INFO  [Test worker] com.zaxxer.hikari.HikariDataSource [  |  |
         ] - HikariPool-1 - Start completed.
00:05:00.588 INFO  [Test worker] o.s.b.a.h.H2ConsoleAutoConfiguration [  |  |
         ] - H2 console available at '/h2-console'. Database available at 'jdbc:h2:mem:testdb'
00:05:01.366 INFO  [Test worker] o.h.jpa.internal.util.LogHelper [  |  |
         ] - HHH000204: Processing PersistenceUnitInfo [name: default]
00:05:01.736 INFO  [Test worker] org.hibernate.Version [  |  |
         ] - HHH000412: Hibernate ORM core version 6.6.2.Final
00:05:01.945 INFO  [Test worker] o.h.c.i.RegionFactoryInitiator [  |  |
         ] - HHH000026: Second-level cache disabled
00:05:03.387 INFO  [Test worker] o.s.o.j.p.SpringPersistenceUnitInfo [  |  |
         ] - No LoadTimeWeaver setup: ignoring JPA class transformer
00:05:03.637 WARN  [Test worker] org.hibernate.dialect.Dialect [  |  |
         ] - HHH000511: The 2.3.232 version for [org.hibernate.dialect.PostgreSQLDialect] is no longer supported, hence certain features may not work properly. The minimum supported version is 12.0.0. Check the community dialects project for available legacy versions.
00:05:03.674 WARN  [Test worker] org.hibernate.orm.deprecation [  |  |
         ] - HHH90000025: PostgreSQLDialect does not need to be specified explicitly using 'hibernate.dialect' (remove the property setting and it will be selected by default)
00:05:04.004 INFO  [Test worker] o.hibernate.orm.connections.pooling [  |  |
         ] - HHH10001005: Database info:
	Database JDBC URL [Connecting through datasource 'HikariDataSource (HikariPool-1)']
	Database driver: undefined/unknown
	Database version: 2.3.232
	Autocommit mode: undefined/unknown
	Isolation level: undefined/unknown
	Minimum pool size: undefined/unknown
	Maximum pool size: undefined/unknown
00:05:08.872 INFO  [Test worker] o.h.e.t.j.p.i.JtaPlatformInitiator [  |  |
         ] - HHH000489: No JTA platform available (set 'hibernate.transaction.jta.platform' to enable JTA platform integration)
00:05:08.881 INFO  [Test worker] o.s.o.j.LocalContainerEntityManagerFactoryBean [  |  |
         ] - Initialized JPA EntityManagerFactory for persistence unit 'default'
00:05:09.876 INFO  [Test worker] o.s.d.j.r.query.QueryEnhancerFactory [  |  |
         ] - Hibernate is in classpath; If applicable, HQL parser will be used.
00:05:12.727 INFO  [Test worker] o.s.b.a.w.s.WelcomePageHandlerMapping [  |  |
         ] - Adding welcome page: class path resource [static/index.html]
00:05:15.176 INFO  [Test worker] o.s.b.a.e.web.EndpointLinksResolver [  |  |
         ] - Exposing 4 endpoints beneath base path '/actuator'
00:05:15.840 INFO  [Test worker] o.a.coyote.http11.Http11NioProtocol [  |  |
         ] - Starting ProtocolHandler ["http-nio-auto-1"]
00:05:15.877 INFO  [Test worker] o.s.b.w.e.tomcat.TomcatWebServer [  |  |
         ] - Tomcat started on port 4622 (http) with context path '/'
00:05:15.903 INFO  [Test worker] c.s.m.d.S3BinaryContentStorageTest [  |  |
         ] - Started S3BinaryContentStorageTest in 28.098 seconds (process running for 32.415)
00:05:17.003 INFO  [SpringApplicationShutdownHook] o.s.b.w.e.tomcat.GracefulShutdown [  |  |
         ] - Commencing graceful shutdown. Waiting for active requests to complete
00:05:19.787 INFO  [tomcat-shutdown] o.s.b.w.e.tomcat.GracefulShutdown [  |  |
         ] - Graceful shutdown complete
00:05:19.793 INFO  [SpringApplicationShutdownHook] o.s.o.j.LocalContainerEntityManagerFactoryBean [  |  |
         ] - Closing JPA EntityManagerFactory for persistence unit 'default'
00:05:19.795 INFO  [SpringApplicationShutdownHook] com.zaxxer.hikari.HikariDataSource [  |  |
         ] - HikariPool-1 - Shutdown initiated...
00:05:19.800 INFO  [SpringApplicationShutdownHook] com.zaxxer.hikari.HikariDataSource [  |  |
         ] - HikariPool-1 - Shutdown completed.
00:05:52.777 INFO  [background-preinit] o.h.validator.internal.util.Version [  |  |
         ] - HV000001: Hibernate Validator 8.0.1.Final
00:05:52.959 INFO  [Test worker] c.s.m.d.S3BinaryContentStorageTest [  |  |
         ] - Starting S3BinaryContentStorageTest using Java 17.0.10 with PID 17908 (started by soo71 in C:\Users\soo71\github\1-sprint-mission)
00:05:52.961 INFO  [Test worker] c.s.m.d.S3BinaryContentStorageTest [  |  |
         ] - The following 1 profile is active: "test"
00:05:56.728 INFO  [Test worker] o.s.d.r.c.RepositoryConfigurationDelegate [  |  |
         ] - Bootstrapping Spring Data JPA repositories in DEFAULT mode.
00:05:57.126 INFO  [Test worker] o.s.d.r.c.RepositoryConfigurationDelegate [  |  |
         ] - Finished Spring Data repository scanning in 356 ms. Found 6 JPA repository interfaces.
00:06:00.150 INFO  [Test worker] o.s.b.w.e.tomcat.TomcatWebServer [  |  |
         ] - Tomcat initialized with port 0 (http)
00:06:00.206 INFO  [Test worker] o.a.coyote.http11.Http11NioProtocol [  |  |
         ] - Initializing ProtocolHandler ["http-nio-auto-1"]
00:06:00.213 INFO  [Test worker] o.a.catalina.core.StandardService [  |  |
         ] - Starting service [Tomcat]
00:06:00.214 INFO  [Test worker] o.a.catalina.core.StandardEngine [  |  |
         ] - Starting Servlet engine: [Apache Tomcat/10.1.33]
00:06:00.582 INFO  [Test worker] o.a.c.c.C.[Tomcat].[localhost].[/] [  |  |
         ] - Initializing Spring embedded WebApplicationContext
00:06:00.583 INFO  [Test worker] o.s.b.w.s.c.ServletWebServerApplicationContext [  |  |
         ] - Root WebApplicationContext: initialization completed in 7552 ms
00:06:01.061 INFO  [Test worker] com.zaxxer.hikari.HikariDataSource [  |  |
         ] - HikariPool-1 - Starting...
00:06:02.069 INFO  [Test worker] com.zaxxer.hikari.pool.HikariPool [  |  |
         ] - HikariPool-1 - Added connection conn0: url=jdbc:h2:mem:testdb user=SA
00:06:02.077 INFO  [Test worker] com.zaxxer.hikari.HikariDataSource [  |  |
         ] - HikariPool-1 - Start completed.
00:06:02.107 INFO  [Test worker] o.s.b.a.h.H2ConsoleAutoConfiguration [  |  |
         ] - H2 console available at '/h2-console'. Database available at 'jdbc:h2:mem:testdb'
00:06:02.644 INFO  [Test worker] o.h.jpa.internal.util.LogHelper [  |  |
         ] - HHH000204: Processing PersistenceUnitInfo [name: default]
00:06:02.915 INFO  [Test worker] org.hibernate.Version [  |  |
         ] - HHH000412: Hibernate ORM core version 6.6.2.Final
00:06:03.103 INFO  [Test worker] o.h.c.i.RegionFactoryInitiator [  |  |
         ] - HHH000026: Second-level cache disabled
00:06:04.138 INFO  [Test worker] o.s.o.j.p.SpringPersistenceUnitInfo [  |  |
         ] - No LoadTimeWeaver setup: ignoring JPA class transformer
00:06:04.327 WARN  [Test worker] org.hibernate.dialect.Dialect [  |  |
         ] - HHH000511: The 2.3.232 version for [org.hibernate.dialect.PostgreSQLDialect] is no longer supported, hence certain features may not work properly. The minimum supported version is 12.0.0. Check the community dialects project for available legacy versions.
00:06:04.346 WARN  [Test worker] org.hibernate.orm.deprecation [  |  |
         ] - HHH90000025: PostgreSQLDialect does not need to be specified explicitly using 'hibernate.dialect' (remove the property setting and it will be selected by default)
00:06:04.417 INFO  [Test worker] o.hibernate.orm.connections.pooling [  |  |
         ] - HHH10001005: Database info:
	Database JDBC URL [Connecting through datasource 'HikariDataSource (HikariPool-1)']
	Database driver: undefined/unknown
	Database version: 2.3.232
	Autocommit mode: undefined/unknown
	Isolation level: undefined/unknown
	Minimum pool size: undefined/unknown
	Maximum pool size: undefined/unknown
00:06:08.216 INFO  [Test worker] o.h.e.t.j.p.i.JtaPlatformInitiator [  |  |
         ] - HHH000489: No JTA platform available (set 'hibernate.transaction.jta.platform' to enable JTA platform integration)
00:06:08.225 INFO  [Test worker] o.s.o.j.LocalContainerEntityManagerFactoryBean [  |  |
         ] - Initialized JPA EntityManagerFactory for persistence unit 'default'
00:06:09.212 INFO  [Test worker] o.s.d.j.r.query.QueryEnhancerFactory [  |  |
         ] - Hibernate is in classpath; If applicable, HQL parser will be used.
00:06:12.262 INFO  [Test worker] o.s.b.a.w.s.WelcomePageHandlerMapping [  |  |
         ] - Adding welcome page: class path resource [static/index.html]
00:06:15.117 INFO  [Test worker] o.s.b.a.e.web.EndpointLinksResolver [  |  |
         ] - Exposing 4 endpoints beneath base path '/actuator'
00:06:15.662 INFO  [Test worker] o.a.coyote.http11.Http11NioProtocol [  |  |
         ] - Starting ProtocolHandler ["http-nio-auto-1"]
00:06:15.709 INFO  [Test worker] o.s.b.w.e.tomcat.TomcatWebServer [  |  |
         ] - Tomcat started on port 4649 (http) with context path '/'
00:06:15.737 INFO  [Test worker] c.s.m.d.S3BinaryContentStorageTest [  |  |
         ] - Started S3BinaryContentStorageTest in 24.288 seconds (process running for 28.074)
00:06:21.220 INFO  [SpringApplicationShutdownHook] o.s.b.w.e.tomcat.GracefulShutdown [  |  |
         ] - Commencing graceful shutdown. Waiting for active requests to complete
00:06:24.372 INFO  [tomcat-shutdown] o.s.b.w.e.tomcat.GracefulShutdown [  |  |
         ] - Graceful shutdown complete
00:06:24.384 INFO  [SpringApplicationShutdownHook] o.s.o.j.LocalContainerEntityManagerFactoryBean [  |  |
         ] - Closing JPA EntityManagerFactory for persistence unit 'default'
00:06:24.388 INFO  [SpringApplicationShutdownHook] com.zaxxer.hikari.HikariDataSource [  |  |
         ] - HikariPool-1 - Shutdown initiated...
00:06:24.398 INFO  [SpringApplicationShutdownHook] com.zaxxer.hikari.HikariDataSource [  |  |
         ] - HikariPool-1 - Shutdown completed.
00:11:53.949 INFO  [background-preinit] o.h.validator.internal.util.Version [  |  |
         ] - HV000001: Hibernate Validator 8.0.1.Final
00:11:54.167 INFO  [Test worker] c.s.m.d.S3BinaryContentStorageTest [  |  |
         ] - Starting S3BinaryContentStorageTest using Java 17.0.10 with PID 16320 (started by soo71 in C:\Users\soo71\github\1-sprint-mission)
00:11:54.169 INFO  [Test worker] c.s.m.d.S3BinaryContentStorageTest [  |  |
         ] - The following 1 profile is active: "test"
00:11:57.192 INFO  [Test worker] o.s.d.r.c.RepositoryConfigurationDelegate [  |  |
         ] - Bootstrapping Spring Data JPA repositories in DEFAULT mode.
00:11:57.409 INFO  [Test worker] o.s.d.r.c.RepositoryConfigurationDelegate [  |  |
         ] - Finished Spring Data repository scanning in 192 ms. Found 6 JPA repository interfaces.
00:12:00.249 INFO  [Test worker] o.s.b.w.e.tomcat.TomcatWebServer [  |  |
         ] - Tomcat initialized with port 0 (http)
00:12:00.294 INFO  [Test worker] o.a.coyote.http11.Http11NioProtocol [  |  |
         ] - Initializing ProtocolHandler ["http-nio-auto-1"]
00:12:00.302 INFO  [Test worker] o.a.catalina.core.StandardService [  |  |
         ] - Starting service [Tomcat]
00:12:00.303 INFO  [Test worker] o.a.catalina.core.StandardEngine [  |  |
         ] - Starting Servlet engine: [Apache Tomcat/10.1.33]
00:12:00.585 INFO  [Test worker] o.a.c.c.C.[Tomcat].[localhost].[/] [  |  |
         ] - Initializing Spring embedded WebApplicationContext
00:12:00.588 INFO  [Test worker] o.s.b.w.s.c.ServletWebServerApplicationContext [  |  |
         ] - Root WebApplicationContext: initialization completed in 6233 ms
00:12:00.990 INFO  [Test worker] com.zaxxer.hikari.HikariDataSource [  |  |
         ] - HikariPool-1 - Starting...
00:12:01.999 INFO  [Test worker] com.zaxxer.hikari.pool.HikariPool [  |  |
         ] - HikariPool-1 - Added connection conn0: url=jdbc:h2:mem:testdb user=SA
00:12:02.006 INFO  [Test worker] com.zaxxer.hikari.HikariDataSource [  |  |
         ] - HikariPool-1 - Start completed.
00:12:02.051 INFO  [Test worker] o.s.b.a.h.H2ConsoleAutoConfiguration [  |  |
         ] - H2 console available at '/h2-console'. Database available at 'jdbc:h2:mem:testdb'
00:12:02.614 INFO  [Test worker] o.h.jpa.internal.util.LogHelper [  |  |
         ] - HHH000204: Processing PersistenceUnitInfo [name: default]
00:12:02.952 INFO  [Test worker] org.hibernate.Version [  |  |
         ] - HHH000412: Hibernate ORM core version 6.6.2.Final
00:12:03.101 INFO  [Test worker] o.h.c.i.RegionFactoryInitiator [  |  |
         ] - HHH000026: Second-level cache disabled
00:12:04.409 INFO  [Test worker] o.s.o.j.p.SpringPersistenceUnitInfo [  |  |
         ] - No LoadTimeWeaver setup: ignoring JPA class transformer
00:12:04.676 WARN  [Test worker] org.hibernate.dialect.Dialect [  |  |
         ] - HHH000511: The 2.3.232 version for [org.hibernate.dialect.PostgreSQLDialect] is no longer supported, hence certain features may not work properly. The minimum supported version is 12.0.0. Check the community dialects project for available legacy versions.
00:12:04.704 WARN  [Test worker] org.hibernate.orm.deprecation [  |  |
         ] - HHH90000025: PostgreSQLDialect does not need to be specified explicitly using 'hibernate.dialect' (remove the property setting and it will be selected by default)
00:12:04.768 INFO  [Test worker] o.hibernate.orm.connections.pooling [  |  |
         ] - HHH10001005: Database info:
	Database JDBC URL [Connecting through datasource 'HikariDataSource (HikariPool-1)']
	Database driver: undefined/unknown
	Database version: 2.3.232
	Autocommit mode: undefined/unknown
	Isolation level: undefined/unknown
	Minimum pool size: undefined/unknown
	Maximum pool size: undefined/unknown
00:12:08.780 INFO  [Test worker] o.h.e.t.j.p.i.JtaPlatformInitiator [  |  |
         ] - HHH000489: No JTA platform available (set 'hibernate.transaction.jta.platform' to enable JTA platform integration)
00:12:08.788 INFO  [Test worker] o.s.o.j.LocalContainerEntityManagerFactoryBean [  |  |
         ] - Initialized JPA EntityManagerFactory for persistence unit 'default'
00:12:09.992 INFO  [Test worker] o.s.d.j.r.query.QueryEnhancerFactory [  |  |
         ] - Hibernate is in classpath; If applicable, HQL parser will be used.
00:12:12.825 INFO  [Test worker] o.s.b.a.w.s.WelcomePageHandlerMapping [  |  |
         ] - Adding welcome page: class path resource [static/index.html]
00:12:15.845 INFO  [Test worker] o.s.b.a.e.web.EndpointLinksResolver [  |  |
         ] - Exposing 4 endpoints beneath base path '/actuator'
00:12:16.465 INFO  [Test worker] o.a.coyote.http11.Http11NioProtocol [  |  |
         ] - Starting ProtocolHandler ["http-nio-auto-1"]
00:12:16.517 INFO  [Test worker] o.s.b.w.e.tomcat.TomcatWebServer [  |  |
         ] - Tomcat started on port 4797 (http) with context path '/'
00:12:16.562 INFO  [Test worker] c.s.m.d.S3BinaryContentStorageTest [  |  |
         ] - Started S3BinaryContentStorageTest in 23.618 seconds (process running for 27.087)
00:12:21.358 INFO  [SpringApplicationShutdownHook] o.s.b.w.e.tomcat.GracefulShutdown [  |  |
         ] - Commencing graceful shutdown. Waiting for active requests to complete
00:12:24.148 INFO  [tomcat-shutdown] o.s.b.w.e.tomcat.GracefulShutdown [  |  |
         ] - Graceful shutdown complete
00:12:24.160 INFO  [SpringApplicationShutdownHook] o.s.o.j.LocalContainerEntityManagerFactoryBean [  |  |
         ] - Closing JPA EntityManagerFactory for persistence unit 'default'
00:12:24.166 INFO  [SpringApplicationShutdownHook] com.zaxxer.hikari.HikariDataSource [  |  |
         ] - HikariPool-1 - Shutdown initiated...
00:12:24.173 INFO  [SpringApplicationShutdownHook] com.zaxxer.hikari.HikariDataSource [  |  |
         ] - HikariPool-1 - Shutdown completed.
00:13:33.741 INFO  [background-preinit] o.h.validator.internal.util.Version [  |  |
         ] - HV000001: Hibernate Validator 8.0.1.Final
00:13:33.871 INFO  [Test worker] c.s.m.d.S3BinaryContentStorageTest [  |  |
         ] - Starting S3BinaryContentStorageTest using Java 17.0.10 with PID 17304 (started by soo71 in C:\Users\soo71\github\1-sprint-mission)
00:13:33.872 INFO  [Test worker] c.s.m.d.S3BinaryContentStorageTest [  |  |
         ] - The following 1 profile is active: "test"
00:13:36.765 INFO  [Test worker] o.s.d.r.c.RepositoryConfigurationDelegate [  |  |
         ] - Bootstrapping Spring Data JPA repositories in DEFAULT mode.
00:13:37.008 INFO  [Test worker] o.s.d.r.c.RepositoryConfigurationDelegate [  |  |
         ] - Finished Spring Data repository scanning in 215 ms. Found 6 JPA repository interfaces.
00:13:39.016 INFO  [Test worker] o.s.b.w.e.tomcat.TomcatWebServer [  |  |
         ] - Tomcat initialized with port 0 (http)
00:13:39.068 INFO  [Test worker] o.a.coyote.http11.Http11NioProtocol [  |  |
         ] - Initializing ProtocolHandler ["http-nio-auto-1"]
00:13:39.077 INFO  [Test worker] o.a.catalina.core.StandardService [  |  |
         ] - Starting service [Tomcat]
00:13:39.078 INFO  [Test worker] o.a.catalina.core.StandardEngine [  |  |
         ] - Starting Servlet engine: [Apache Tomcat/10.1.33]
00:13:39.414 INFO  [Test worker] o.a.c.c.C.[Tomcat].[localhost].[/] [  |  |
         ] - Initializing Spring embedded WebApplicationContext
00:13:39.416 INFO  [Test worker] o.s.b.w.s.c.ServletWebServerApplicationContext [  |  |
         ] - Root WebApplicationContext: initialization completed in 5491 ms
00:13:40.115 INFO  [Test worker] com.zaxxer.hikari.HikariDataSource [  |  |
         ] - HikariPool-1 - Starting...
00:13:41.321 INFO  [Test worker] com.zaxxer.hikari.pool.HikariPool [  |  |
         ] - HikariPool-1 - Added connection conn0: url=jdbc:h2:mem:testdb user=SA
00:13:41.328 INFO  [Test worker] com.zaxxer.hikari.HikariDataSource [  |  |
         ] - HikariPool-1 - Start completed.
00:13:41.370 INFO  [Test worker] o.s.b.a.h.H2ConsoleAutoConfiguration [  |  |
         ] - H2 console available at '/h2-console'. Database available at 'jdbc:h2:mem:testdb'
00:13:41.938 INFO  [Test worker] o.h.jpa.internal.util.LogHelper [  |  |
         ] - HHH000204: Processing PersistenceUnitInfo [name: default]
00:13:42.309 INFO  [Test worker] org.hibernate.Version [  |  |
         ] - HHH000412: Hibernate ORM core version 6.6.2.Final
00:13:42.433 INFO  [Test worker] o.h.c.i.RegionFactoryInitiator [  |  |
         ] - HHH000026: Second-level cache disabled
00:13:43.129 INFO  [Test worker] o.s.o.j.p.SpringPersistenceUnitInfo [  |  |
         ] - No LoadTimeWeaver setup: ignoring JPA class transformer
00:13:43.260 WARN  [Test worker] org.hibernate.dialect.Dialect [  |  |
         ] - HHH000511: The 2.3.232 version for [org.hibernate.dialect.PostgreSQLDialect] is no longer supported, hence certain features may not work properly. The minimum supported version is 12.0.0. Check the community dialects project for available legacy versions.
00:13:43.277 WARN  [Test worker] org.hibernate.orm.deprecation [  |  |
         ] - HHH90000025: PostgreSQLDialect does not need to be specified explicitly using 'hibernate.dialect' (remove the property setting and it will be selected by default)
00:13:43.323 INFO  [Test worker] o.hibernate.orm.connections.pooling [  |  |
         ] - HHH10001005: Database info:
	Database JDBC URL [Connecting through datasource 'HikariDataSource (HikariPool-1)']
	Database driver: undefined/unknown
	Database version: 2.3.232
	Autocommit mode: undefined/unknown
	Isolation level: undefined/unknown
	Minimum pool size: undefined/unknown
	Maximum pool size: undefined/unknown
00:13:46.561 INFO  [Test worker] o.h.e.t.j.p.i.JtaPlatformInitiator [  |  |
         ] - HHH000489: No JTA platform available (set 'hibernate.transaction.jta.platform' to enable JTA platform integration)
00:13:46.567 INFO  [Test worker] o.s.o.j.LocalContainerEntityManagerFactoryBean [  |  |
         ] - Initialized JPA EntityManagerFactory for persistence unit 'default'
00:13:47.443 INFO  [Test worker] o.s.d.j.r.query.QueryEnhancerFactory [  |  |
         ] - Hibernate is in classpath; If applicable, HQL parser will be used.
00:13:50.334 INFO  [Test worker] o.s.b.a.w.s.WelcomePageHandlerMapping [  |  |
         ] - Adding welcome page: class path resource [static/index.html]
00:13:53.032 INFO  [Test worker] o.s.b.a.e.web.EndpointLinksResolver [  |  |
         ] - Exposing 4 endpoints beneath base path '/actuator'
00:13:53.705 INFO  [Test worker] o.a.coyote.http11.Http11NioProtocol [  |  |
         ] - Starting ProtocolHandler ["http-nio-auto-1"]
00:13:53.748 INFO  [Test worker] o.s.b.w.e.tomcat.TomcatWebServer [  |  |
         ] - Tomcat started on port 4816 (http) with context path '/'
00:13:53.799 INFO  [Test worker] c.s.m.d.S3BinaryContentStorageTest [  |  |
         ] - Started S3BinaryContentStorageTest in 21.016 seconds (process running for 24.081)
00:13:57.287 INFO  [SpringApplicationShutdownHook] o.s.b.w.e.tomcat.GracefulShutdown [  |  |
         ] - Commencing graceful shutdown. Waiting for active requests to complete
00:14:01.397 INFO  [tomcat-shutdown] o.s.b.w.e.tomcat.GracefulShutdown [  |  |
         ] - Graceful shutdown complete
00:14:01.406 INFO  [SpringApplicationShutdownHook] o.s.o.j.LocalContainerEntityManagerFactoryBean [  |  |
         ] - Closing JPA EntityManagerFactory for persistence unit 'default'
00:14:01.409 INFO  [SpringApplicationShutdownHook] com.zaxxer.hikari.HikariDataSource [  |  |
         ] - HikariPool-1 - Shutdown initiated...
00:14:01.414 INFO  [SpringApplicationShutdownHook] com.zaxxer.hikari.HikariDataSource [  |  |
         ] - HikariPool-1 - Shutdown completed.
00:21:56.363 INFO  [background-preinit] o.h.validator.internal.util.Version [  |  |
         ] - HV000001: Hibernate Validator 8.0.1.Final
00:21:56.529 INFO  [Test worker] c.s.m.d.S3BinaryContentStorageTest [  |  |
         ] - Starting S3BinaryContentStorageTest using Java 17.0.10 with PID 3476 (started by soo71 in C:\Users\soo71\github\1-sprint-mission)
00:21:56.531 INFO  [Test worker] c.s.m.d.S3BinaryContentStorageTest [  |  |
         ] - The following 1 profile is active: "test"
00:21:59.293 INFO  [Test worker] o.s.d.r.c.RepositoryConfigurationDelegate [  |  |
         ] - Bootstrapping Spring Data JPA repositories in DEFAULT mode.
00:21:59.488 INFO  [Test worker] o.s.d.r.c.RepositoryConfigurationDelegate [  |  |
         ] - Finished Spring Data repository scanning in 173 ms. Found 6 JPA repository interfaces.
00:22:01.356 INFO  [Test worker] o.s.b.w.e.tomcat.TomcatWebServer [  |  |
         ] - Tomcat initialized with port 0 (http)
00:22:01.387 INFO  [Test worker] o.a.coyote.http11.Http11NioProtocol [  |  |
         ] - Initializing ProtocolHandler ["http-nio-auto-1"]
00:22:01.396 INFO  [Test worker] o.a.catalina.core.StandardService [  |  |
         ] - Starting service [Tomcat]
00:22:01.396 INFO  [Test worker] o.a.catalina.core.StandardEngine [  |  |
         ] - Starting Servlet engine: [Apache Tomcat/10.1.33]
00:22:01.596 INFO  [Test worker] o.a.c.c.C.[Tomcat].[localhost].[/] [  |  |
         ] - Initializing Spring embedded WebApplicationContext
00:22:01.598 INFO  [Test worker] o.s.b.w.s.c.ServletWebServerApplicationContext [  |  |
         ] - Root WebApplicationContext: initialization completed in 5011 ms
00:22:01.862 INFO  [Test worker] com.zaxxer.hikari.HikariDataSource [  |  |
         ] - HikariPool-1 - Starting...
00:22:02.455 INFO  [Test worker] com.zaxxer.hikari.pool.HikariPool [  |  |
         ] - HikariPool-1 - Added connection conn0: url=jdbc:h2:mem:testdb user=SA
00:22:02.460 INFO  [Test worker] com.zaxxer.hikari.HikariDataSource [  |  |
         ] - HikariPool-1 - Start completed.
00:22:02.486 INFO  [Test worker] o.s.b.a.h.H2ConsoleAutoConfiguration [  |  |
         ] - H2 console available at '/h2-console'. Database available at 'jdbc:h2:mem:testdb'
00:22:02.899 INFO  [Test worker] o.h.jpa.internal.util.LogHelper [  |  |
         ] - HHH000204: Processing PersistenceUnitInfo [name: default]
00:22:03.188 INFO  [Test worker] org.hibernate.Version [  |  |
         ] - HHH000412: Hibernate ORM core version 6.6.2.Final
00:22:03.322 INFO  [Test worker] o.h.c.i.RegionFactoryInitiator [  |  |
         ] - HHH000026: Second-level cache disabled
00:22:04.042 INFO  [Test worker] o.s.o.j.p.SpringPersistenceUnitInfo [  |  |
         ] - No LoadTimeWeaver setup: ignoring JPA class transformer
00:22:04.147 WARN  [Test worker] org.hibernate.dialect.Dialect [  |  |
         ] - HHH000511: The 2.3.232 version for [org.hibernate.dialect.PostgreSQLDialect] is no longer supported, hence certain features may not work properly. The minimum supported version is 12.0.0. Check the community dialects project for available legacy versions.
00:22:04.161 WARN  [Test worker] org.hibernate.orm.deprecation [  |  |
         ] - HHH90000025: PostgreSQLDialect does not need to be specified explicitly using 'hibernate.dialect' (remove the property setting and it will be selected by default)
00:22:04.204 INFO  [Test worker] o.hibernate.orm.connections.pooling [  |  |
         ] - HHH10001005: Database info:
	Database JDBC URL [Connecting through datasource 'HikariDataSource (HikariPool-1)']
	Database driver: undefined/unknown
	Database version: 2.3.232
	Autocommit mode: undefined/unknown
	Isolation level: undefined/unknown
	Minimum pool size: undefined/unknown
	Maximum pool size: undefined/unknown
00:22:06.323 INFO  [Test worker] o.h.e.t.j.p.i.JtaPlatformInitiator [  |  |
         ] - HHH000489: No JTA platform available (set 'hibernate.transaction.jta.platform' to enable JTA platform integration)
00:22:06.328 INFO  [Test worker] o.s.o.j.LocalContainerEntityManagerFactoryBean [  |  |
         ] - Initialized JPA EntityManagerFactory for persistence unit 'default'
00:22:07.091 INFO  [Test worker] o.s.d.j.r.query.QueryEnhancerFactory [  |  |
         ] - Hibernate is in classpath; If applicable, HQL parser will be used.
00:22:08.937 INFO  [Test worker] o.s.b.a.w.s.WelcomePageHandlerMapping [  |  |
         ] - Adding welcome page: class path resource [static/index.html]
00:22:10.685 INFO  [Test worker] o.s.b.a.e.web.EndpointLinksResolver [  |  |
         ] - Exposing 4 endpoints beneath base path '/actuator'
00:22:11.086 INFO  [Test worker] o.a.coyote.http11.Http11NioProtocol [  |  |
         ] - Starting ProtocolHandler ["http-nio-auto-1"]
00:22:11.111 INFO  [Test worker] o.s.b.w.e.tomcat.TomcatWebServer [  |  |
         ] - Tomcat started on port 5308 (http) with context path '/'
00:22:11.129 INFO  [Test worker] c.s.m.d.S3BinaryContentStorageTest [  |  |
         ] - Started S3BinaryContentStorageTest in 15.995 seconds (process running for 19.156)
00:22:13.707 INFO  [SpringApplicationShutdownHook] o.s.b.w.e.tomcat.GracefulShutdown [  |  |
         ] - Commencing graceful shutdown. Waiting for active requests to complete
00:22:15.280 INFO  [tomcat-shutdown] o.s.b.w.e.tomcat.GracefulShutdown [  |  |
         ] - Graceful shutdown complete
00:22:15.286 INFO  [SpringApplicationShutdownHook] o.s.o.j.LocalContainerEntityManagerFactoryBean [  |  |
         ] - Closing JPA EntityManagerFactory for persistence unit 'default'
00:22:15.288 INFO  [SpringApplicationShutdownHook] com.zaxxer.hikari.HikariDataSource [  |  |
         ] - HikariPool-1 - Shutdown initiated...
00:22:15.292 INFO  [SpringApplicationShutdownHook] com.zaxxer.hikari.HikariDataSource [  |  |
         ] - HikariPool-1 - Shutdown completed.
00:25:39.482 INFO  [background-preinit] o.h.validator.internal.util.Version [  |  |
         ] - HV000001: Hibernate Validator 8.0.1.Final
00:25:39.663 INFO  [Test worker] c.s.m.d.S3BinaryContentStorageTest [  |  |
         ] - Starting S3BinaryContentStorageTest using Java 17.0.10 with PID 21204 (started by soo71 in C:\Users\soo71\github\1-sprint-mission)
00:25:39.666 INFO  [Test worker] c.s.m.d.S3BinaryContentStorageTest [  |  |
         ] - The following 1 profile is active: "test"
00:25:43.637 INFO  [Test worker] o.s.d.r.c.RepositoryConfigurationDelegate [  |  |
         ] - Bootstrapping Spring Data JPA repositories in DEFAULT mode.
00:25:43.968 INFO  [Test worker] o.s.d.r.c.RepositoryConfigurationDelegate [  |  |
         ] - Finished Spring Data repository scanning in 300 ms. Found 6 JPA repository interfaces.
00:25:46.651 INFO  [Test worker] o.s.b.w.e.tomcat.TomcatWebServer [  |  |
         ] - Tomcat initialized with port 0 (http)
00:25:46.716 INFO  [Test worker] o.a.coyote.http11.Http11NioProtocol [  |  |
         ] - Initializing ProtocolHandler ["http-nio-auto-1"]
00:25:46.725 INFO  [Test worker] o.a.catalina.core.StandardService [  |  |
         ] - Starting service [Tomcat]
00:25:46.726 INFO  [Test worker] o.a.catalina.core.StandardEngine [  |  |
         ] - Starting Servlet engine: [Apache Tomcat/10.1.33]
00:25:47.065 INFO  [Test worker] o.a.c.c.C.[Tomcat].[localhost].[/] [  |  |
         ] - Initializing Spring embedded WebApplicationContext
00:25:47.070 INFO  [Test worker] o.s.b.w.s.c.ServletWebServerApplicationContext [  |  |
         ] - Root WebApplicationContext: initialization completed in 7334 ms
00:25:47.514 INFO  [Test worker] com.zaxxer.hikari.HikariDataSource [  |  |
         ] - HikariPool-1 - Starting...
00:25:48.484 INFO  [Test worker] com.zaxxer.hikari.pool.HikariPool [  |  |
         ] - HikariPool-1 - Added connection conn0: url=jdbc:h2:mem:testdb user=SA
00:25:48.493 INFO  [Test worker] com.zaxxer.hikari.HikariDataSource [  |  |
         ] - HikariPool-1 - Start completed.
00:25:48.531 INFO  [Test worker] o.s.b.a.h.H2ConsoleAutoConfiguration [  |  |
         ] - H2 console available at '/h2-console'. Database available at 'jdbc:h2:mem:testdb'
00:25:49.085 INFO  [Test worker] o.h.jpa.internal.util.LogHelper [  |  |
         ] - HHH000204: Processing PersistenceUnitInfo [name: default]
00:25:49.370 INFO  [Test worker] org.hibernate.Version [  |  |
         ] - HHH000412: Hibernate ORM core version 6.6.2.Final
00:25:49.533 INFO  [Test worker] o.h.c.i.RegionFactoryInitiator [  |  |
         ] - HHH000026: Second-level cache disabled
00:25:50.559 INFO  [Test worker] o.s.o.j.p.SpringPersistenceUnitInfo [  |  |
         ] - No LoadTimeWeaver setup: ignoring JPA class transformer
00:25:50.699 WARN  [Test worker] org.hibernate.dialect.Dialect [  |  |
         ] - HHH000511: The 2.3.232 version for [org.hibernate.dialect.PostgreSQLDialect] is no longer supported, hence certain features may not work properly. The minimum supported version is 12.0.0. Check the community dialects project for available legacy versions.
00:25:50.723 WARN  [Test worker] org.hibernate.orm.deprecation [  |  |
         ] - HHH90000025: PostgreSQLDialect does not need to be specified explicitly using 'hibernate.dialect' (remove the property setting and it will be selected by default)
00:25:50.783 INFO  [Test worker] o.hibernate.orm.connections.pooling [  |  |
         ] - HHH10001005: Database info:
	Database JDBC URL [Connecting through datasource 'HikariDataSource (HikariPool-1)']
	Database driver: undefined/unknown
	Database version: 2.3.232
	Autocommit mode: undefined/unknown
	Isolation level: undefined/unknown
	Minimum pool size: undefined/unknown
	Maximum pool size: undefined/unknown
00:25:54.958 INFO  [Test worker] o.h.e.t.j.p.i.JtaPlatformInitiator [  |  |
         ] - HHH000489: No JTA platform available (set 'hibernate.transaction.jta.platform' to enable JTA platform integration)
00:25:54.967 INFO  [Test worker] o.s.o.j.LocalContainerEntityManagerFactoryBean [  |  |
         ] - Initialized JPA EntityManagerFactory for persistence unit 'default'
00:25:55.966 INFO  [Test worker] o.s.d.j.r.query.QueryEnhancerFactory [  |  |
         ] - Hibernate is in classpath; If applicable, HQL parser will be used.
00:25:58.889 INFO  [Test worker] o.s.b.a.w.s.WelcomePageHandlerMapping [  |  |
         ] - Adding welcome page: class path resource [static/index.html]
00:26:01.428 INFO  [Test worker] o.s.b.a.e.web.EndpointLinksResolver [  |  |
         ] - Exposing 4 endpoints beneath base path '/actuator'
00:26:01.995 INFO  [Test worker] o.a.coyote.http11.Http11NioProtocol [  |  |
         ] - Starting ProtocolHandler ["http-nio-auto-1"]
00:26:02.042 INFO  [Test worker] o.s.b.w.e.tomcat.TomcatWebServer [  |  |
         ] - Tomcat started on port 5345 (http) with context path '/'
00:26:02.085 INFO  [Test worker] c.s.m.d.S3BinaryContentStorageTest [  |  |
         ] - Started S3BinaryContentStorageTest in 23.952 seconds (process running for 28.434)
00:26:06.200 INFO  [SpringApplicationShutdownHook] o.s.b.w.e.tomcat.GracefulShutdown [  |  |
         ] - Commencing graceful shutdown. Waiting for active requests to complete
00:26:08.971 INFO  [tomcat-shutdown] o.s.b.w.e.tomcat.GracefulShutdown [  |  |
         ] - Graceful shutdown complete
00:26:08.984 INFO  [SpringApplicationShutdownHook] o.s.o.j.LocalContainerEntityManagerFactoryBean [  |  |
         ] - Closing JPA EntityManagerFactory for persistence unit 'default'
00:26:08.989 INFO  [SpringApplicationShutdownHook] com.zaxxer.hikari.HikariDataSource [  |  |
         ] - HikariPool-1 - Shutdown initiated...
00:26:08.997 INFO  [SpringApplicationShutdownHook] com.zaxxer.hikari.HikariDataSource [  |  |
         ] - HikariPool-1 - Shutdown completed.
00:34:22.449 INFO  [background-preinit] o.h.validator.internal.util.Version [  |  |
         ] - HV000001: Hibernate Validator 8.0.1.Final
00:34:22.587 INFO  [Test worker] c.s.m.d.S3BinaryContentStorageTest [  |  |
         ] - Starting S3BinaryContentStorageTest using Java 17.0.10 with PID 28316 (started by soo71 in C:\Users\soo71\github\1-sprint-mission)
00:34:22.588 INFO  [Test worker] c.s.m.d.S3BinaryContentStorageTest [  |  |
         ] - The following 1 profile is active: "test"
00:34:25.123 INFO  [Test worker] o.s.d.r.c.RepositoryConfigurationDelegate [  |  |
         ] - Bootstrapping Spring Data JPA repositories in DEFAULT mode.
00:34:25.288 INFO  [Test worker] o.s.d.r.c.RepositoryConfigurationDelegate [  |  |
         ] - Finished Spring Data repository scanning in 146 ms. Found 6 JPA repository interfaces.
00:34:27.003 INFO  [Test worker] o.s.b.w.e.tomcat.TomcatWebServer [  |  |
         ] - Tomcat initialized with port 0 (http)
00:34:27.036 INFO  [Test worker] o.a.coyote.http11.Http11NioProtocol [  |  |
         ] - Initializing ProtocolHandler ["http-nio-auto-1"]
00:34:27.042 INFO  [Test worker] o.a.catalina.core.StandardService [  |  |
         ] - Starting service [Tomcat]
00:34:27.043 INFO  [Test worker] o.a.catalina.core.StandardEngine [  |  |
         ] - Starting Servlet engine: [Apache Tomcat/10.1.33]
00:34:27.253 INFO  [Test worker] o.a.c.c.C.[Tomcat].[localhost].[/] [  |  |
         ] - Initializing Spring embedded WebApplicationContext
00:34:27.255 INFO  [Test worker] o.s.b.w.s.c.ServletWebServerApplicationContext [  |  |
         ] - Root WebApplicationContext: initialization completed in 4596 ms
00:34:27.565 INFO  [Test worker] com.zaxxer.hikari.HikariDataSource [  |  |
         ] - HikariPool-1 - Starting...
00:34:28.104 INFO  [Test worker] com.zaxxer.hikari.pool.HikariPool [  |  |
         ] - HikariPool-1 - Added connection conn0: url=jdbc:h2:mem:testdb user=SA
00:34:28.108 INFO  [Test worker] com.zaxxer.hikari.HikariDataSource [  |  |
         ] - HikariPool-1 - Start completed.
00:34:28.124 INFO  [Test worker] o.s.b.a.h.H2ConsoleAutoConfiguration [  |  |
         ] - H2 console available at '/h2-console'. Database available at 'jdbc:h2:mem:testdb'
00:34:28.509 INFO  [Test worker] o.h.jpa.internal.util.LogHelper [  |  |
         ] - HHH000204: Processing PersistenceUnitInfo [name: default]
00:34:28.696 INFO  [Test worker] org.hibernate.Version [  |  |
         ] - HHH000412: Hibernate ORM core version 6.6.2.Final
00:34:28.773 INFO  [Test worker] o.h.c.i.RegionFactoryInitiator [  |  |
         ] - HHH000026: Second-level cache disabled
00:34:29.324 INFO  [Test worker] o.s.o.j.p.SpringPersistenceUnitInfo [  |  |
         ] - No LoadTimeWeaver setup: ignoring JPA class transformer
00:34:29.402 WARN  [Test worker] org.hibernate.dialect.Dialect [  |  |
         ] - HHH000511: The 2.3.232 version for [org.hibernate.dialect.PostgreSQLDialect] is no longer supported, hence certain features may not work properly. The minimum supported version is 12.0.0. Check the community dialects project for available legacy versions.
00:34:29.410 WARN  [Test worker] org.hibernate.orm.deprecation [  |  |
         ] - HHH90000025: PostgreSQLDialect does not need to be specified explicitly using 'hibernate.dialect' (remove the property setting and it will be selected by default)
00:34:29.443 INFO  [Test worker] o.hibernate.orm.connections.pooling [  |  |
         ] - HHH10001005: Database info:
	Database JDBC URL [Connecting through datasource 'HikariDataSource (HikariPool-1)']
	Database driver: undefined/unknown
	Database version: 2.3.232
	Autocommit mode: undefined/unknown
	Isolation level: undefined/unknown
	Minimum pool size: undefined/unknown
	Maximum pool size: undefined/unknown
00:34:31.653 INFO  [Test worker] o.h.e.t.j.p.i.JtaPlatformInitiator [  |  |
         ] - HHH000489: No JTA platform available (set 'hibernate.transaction.jta.platform' to enable JTA platform integration)
00:34:31.658 INFO  [Test worker] o.s.o.j.LocalContainerEntityManagerFactoryBean [  |  |
         ] - Initialized JPA EntityManagerFactory for persistence unit 'default'
00:34:32.380 INFO  [Test worker] o.s.d.j.r.query.QueryEnhancerFactory [  |  |
         ] - Hibernate is in classpath; If applicable, HQL parser will be used.
00:34:34.703 INFO  [Test worker] o.s.b.a.w.s.WelcomePageHandlerMapping [  |  |
         ] - Adding welcome page: class path resource [static/index.html]
00:34:37.245 INFO  [Test worker] o.s.b.a.e.web.EndpointLinksResolver [  |  |
         ] - Exposing 4 endpoints beneath base path '/actuator'
00:34:37.851 INFO  [Test worker] o.a.coyote.http11.Http11NioProtocol [  |  |
         ] - Starting ProtocolHandler ["http-nio-auto-1"]
00:34:37.902 INFO  [Test worker] o.s.b.w.e.tomcat.TomcatWebServer [  |  |
         ] - Tomcat started on port 5526 (http) with context path '/'
00:34:37.940 INFO  [Test worker] c.s.m.d.S3BinaryContentStorageTest [  |  |
         ] - Started S3BinaryContentStorageTest in 16.409 seconds (process running for 19.179)
00:34:40.324 INFO  [SpringApplicationShutdownHook] o.s.b.w.e.tomcat.GracefulShutdown [  |  |
         ] - Commencing graceful shutdown. Waiting for active requests to complete
00:34:42.194 INFO  [tomcat-shutdown] o.s.b.w.e.tomcat.GracefulShutdown [  |  |
         ] - Graceful shutdown complete
00:34:42.201 INFO  [SpringApplicationShutdownHook] o.s.o.j.LocalContainerEntityManagerFactoryBean [  |  |
         ] - Closing JPA EntityManagerFactory for persistence unit 'default'
00:34:42.202 INFO  [SpringApplicationShutdownHook] com.zaxxer.hikari.HikariDataSource [  |  |
         ] - HikariPool-1 - Shutdown initiated...
00:34:42.205 INFO  [SpringApplicationShutdownHook] com.zaxxer.hikari.HikariDataSource [  |  |
         ] - HikariPool-1 - Shutdown completed.
